<?xml version="1.0" encoding="UTF-8" standalone="yes" ?>
<test-results name="C:\DevGitHub\SimpleCalculator\Test\Tests.exe" total="5" errors="0" failures="0" ignored="0" inconclusive="0" not-run="0" skipped="0" invalid="0" date="2021-11-03" time="0.078">
  <culture-info current-culture="en" current-uiculture="en" />
  <test-suite type="Assembly" name="Tests.exe" executed="true" result="Success" success="True" time="0.078" asserts="0">
    <results>
        <test-suite type="Namespace" name="UTestCalculator" executed="true" result="Success" success="True" time="0.078" asserts="0" >
          <results>
              <test-suite type="Fixture" name="TTestCalculator" executed="True" result="Success" success="True" time="0.078" >
                <results>
                  <test-case name="AddWorks" executed="True" result="Success" success="True" time="0.016" asserts="0" />
                  <test-case name="TestMethodWithManyPaths" executed="True" result="Success" success="True" time="0.000" asserts="0" />
                  <test-case name="DoSomethingComplex" executed="True" result="Success" success="True" time="0.000" asserts="0" />
                </results>
              </test-suite>
          </results>
        </test-suite>
        <test-suite type="Namespace" name="UTestOperators" executed="true" result="Success" success="True" time="0.036" asserts="0" >
          <results>
              <test-suite type="Fixture" name="TTestOperators" executed="True" result="Success" success="True" time="0.036" >
                <results>
                  <test-case name="Add" executed="True" result="Success" success="True" time="0.000" asserts="0" />
                  <test-case name="Factorial" executed="True" result="Success" success="True" time="0.015" asserts="0" />
                </results>
              </test-suite>
          </results>
        </test-suite>
    </results>
  </test-suite>
</test-results>
